[debug] [2023-09-20T17:41:10.488Z] ----------------------------------------------------------------------
[debug] [2023-09-20T17:41:10.491Z] Command:       /Users/aviadomeisi/.nvm/versions/node/v18.15.0/bin/node /Users/aviadomeisi/.nvm/versions/node/v18.15.0/bin/firebase deploy --debug
[debug] [2023-09-20T17:41:10.491Z] CLI Version:   12.5.4
[debug] [2023-09-20T17:41:10.492Z] Platform:      darwin
[debug] [2023-09-20T17:41:10.492Z] Node Version:  v18.15.0
[debug] [2023-09-20T17:41:10.502Z] Time:          Wed Sep 20 2023 13:41:10 GMT-0400 (Eastern Daylight Time)
[debug] [2023-09-20T17:41:10.503Z] ----------------------------------------------------------------------
[debug] 
[debug] [2023-09-20T17:41:10.507Z] >>> [apiv2][query] GET https://firebase-public.firebaseio.com/cli.json [none]
[debug] [2023-09-20T17:41:10.698Z] > command requires scopes: ["email","openid","https://www.googleapis.com/auth/cloudplatformprojects.readonly","https://www.googleapis.com/auth/firebase","https://www.googleapis.com/auth/cloud-platform"]
[debug] [2023-09-20T17:41:10.699Z] > authorizing via signed-in user (xencryptovault@gmail.com)
[debug] [2023-09-20T17:41:10.700Z] [iam] checking project tinder-app-af33b for permissions ["cloudfunctions.functions.create","cloudfunctions.functions.delete","cloudfunctions.functions.get","cloudfunctions.functions.list","cloudfunctions.functions.update","cloudfunctions.operations.get","firebase.projects.get"]
[debug] [2023-09-20T17:41:10.701Z] > refreshing access token with scopes: []
[debug] [2023-09-20T17:41:10.704Z] >>> [apiv2][query] POST https://www.googleapis.com/oauth2/v3/token [none]
[debug] [2023-09-20T17:41:10.705Z] >>> [apiv2][body] POST https://www.googleapis.com/oauth2/v3/token [omitted]
[debug] [2023-09-20T17:41:10.803Z] <<< [apiv2][status] GET https://firebase-public.firebaseio.com/cli.json 200
[debug] [2023-09-20T17:41:10.804Z] <<< [apiv2][body] GET https://firebase-public.firebaseio.com/cli.json {"cloudBuildErrorAfter":1594252800000,"cloudBuildWarnAfter":1590019200000,"defaultNode10After":1594252800000,"minVersion":"3.0.5","node8DeploysDisabledAfter":1613390400000,"node8RuntimeDisabledAfter":1615809600000,"node8WarnAfter":1600128000000}
[debug] [2023-09-20T17:41:10.862Z] <<< [apiv2][status] POST https://www.googleapis.com/oauth2/v3/token 200
[debug] [2023-09-20T17:41:10.863Z] <<< [apiv2][body] POST https://www.googleapis.com/oauth2/v3/token [omitted]
[debug] [2023-09-20T17:41:10.901Z] >>> [apiv2][query] POST https://cloudresourcemanager.googleapis.com/v1/projects/tinder-app-af33b:testIamPermissions [none]
[debug] [2023-09-20T17:41:10.901Z] >>> [apiv2][(partial)header] POST https://cloudresourcemanager.googleapis.com/v1/projects/tinder-app-af33b:testIamPermissions x-goog-quota-user=projects/tinder-app-af33b
[debug] [2023-09-20T17:41:10.901Z] >>> [apiv2][body] POST https://cloudresourcemanager.googleapis.com/v1/projects/tinder-app-af33b:testIamPermissions {"permissions":["cloudfunctions.functions.create","cloudfunctions.functions.delete","cloudfunctions.functions.get","cloudfunctions.functions.list","cloudfunctions.functions.update","cloudfunctions.operations.get","firebase.projects.get"]}
[debug] [2023-09-20T17:41:11.153Z] <<< [apiv2][status] POST https://cloudresourcemanager.googleapis.com/v1/projects/tinder-app-af33b:testIamPermissions 200
[debug] [2023-09-20T17:41:11.153Z] <<< [apiv2][body] POST https://cloudresourcemanager.googleapis.com/v1/projects/tinder-app-af33b:testIamPermissions {"permissions":["cloudfunctions.functions.create","cloudfunctions.functions.delete","cloudfunctions.functions.get","cloudfunctions.functions.list","cloudfunctions.functions.update","cloudfunctions.operations.get","firebase.projects.get"]}
[debug] [2023-09-20T17:41:11.154Z] >>> [apiv2][query] POST https://iam.googleapis.com/v1/projects/tinder-app-af33b/serviceAccounts/tinder-app-af33b@appspot.gserviceaccount.com:testIamPermissions [none]
[debug] [2023-09-20T17:41:11.154Z] >>> [apiv2][body] POST https://iam.googleapis.com/v1/projects/tinder-app-af33b/serviceAccounts/tinder-app-af33b@appspot.gserviceaccount.com:testIamPermissions {"permissions":["iam.serviceAccounts.actAs"]}
[debug] [2023-09-20T17:41:11.389Z] <<< [apiv2][status] POST https://iam.googleapis.com/v1/projects/tinder-app-af33b/serviceAccounts/tinder-app-af33b@appspot.gserviceaccount.com:testIamPermissions 200
[debug] [2023-09-20T17:41:11.390Z] <<< [apiv2][body] POST https://iam.googleapis.com/v1/projects/tinder-app-af33b/serviceAccounts/tinder-app-af33b@appspot.gserviceaccount.com:testIamPermissions {"permissions":["iam.serviceAccounts.actAs"]}
[info] 
[info] === Deploying to 'tinder-app-af33b'...
[info] 
[info] i  deploying functions 
[info] Running command: npm --prefix "$RESOURCE_DIR" run lint
[info] Running command: npm --prefix "$RESOURCE_DIR" run build
[info] ✔  functions: Finished running predeploy script. 
[debug] [2023-09-20T17:41:30.338Z] >>> [apiv2][query] GET https://firebase.googleapis.com/v1beta1/projects/tinder-app-af33b [none]
[debug] [2023-09-20T17:41:30.548Z] <<< [apiv2][status] GET https://firebase.googleapis.com/v1beta1/projects/tinder-app-af33b 200
[debug] [2023-09-20T17:41:30.548Z] <<< [apiv2][body] GET https://firebase.googleapis.com/v1beta1/projects/tinder-app-af33b {"projectId":"tinder-app-af33b","projectNumber":"529746460585","displayName":"tinder-app","name":"projects/tinder-app-af33b","resources":{"hostingSite":"tinder-app-af33b","storageBucket":"tinder-app-af33b.appspot.com","locationId":"europe-west"},"state":"ACTIVE","etag":"1_2a8d339b-0619-4dd3-bfd6-af470c427076"}
[info] i  functions: preparing codebase default for deployment 
[info] i  functions: ensuring required API cloudfunctions.googleapis.com is enabled... 
[info] i  functions: ensuring required API cloudbuild.googleapis.com is enabled... 
[info] i  artifactregistry: ensuring required API artifactregistry.googleapis.com is enabled... 
[debug] [2023-09-20T17:41:30.550Z] >>> [apiv2][query] GET https://serviceusage.googleapis.com/v1/projects/tinder-app-af33b/services/cloudfunctions.googleapis.com [none]
[debug] [2023-09-20T17:41:30.550Z] >>> [apiv2][(partial)header] GET https://serviceusage.googleapis.com/v1/projects/tinder-app-af33b/services/cloudfunctions.googleapis.com x-goog-quota-user=projects/tinder-app-af33b
[debug] [2023-09-20T17:41:30.552Z] >>> [apiv2][query] GET https://serviceusage.googleapis.com/v1/projects/tinder-app-af33b/services/runtimeconfig.googleapis.com [none]
[debug] [2023-09-20T17:41:30.552Z] >>> [apiv2][(partial)header] GET https://serviceusage.googleapis.com/v1/projects/tinder-app-af33b/services/runtimeconfig.googleapis.com x-goog-quota-user=projects/tinder-app-af33b
[debug] [2023-09-20T17:41:30.554Z] >>> [apiv2][query] GET https://serviceusage.googleapis.com/v1/projects/tinder-app-af33b/services/cloudbuild.googleapis.com [none]
[debug] [2023-09-20T17:41:30.554Z] >>> [apiv2][(partial)header] GET https://serviceusage.googleapis.com/v1/projects/tinder-app-af33b/services/cloudbuild.googleapis.com x-goog-quota-user=projects/tinder-app-af33b
[debug] [2023-09-20T17:41:30.556Z] >>> [apiv2][query] GET https://serviceusage.googleapis.com/v1/projects/tinder-app-af33b/services/artifactregistry.googleapis.com [none]
[debug] [2023-09-20T17:41:30.556Z] >>> [apiv2][(partial)header] GET https://serviceusage.googleapis.com/v1/projects/tinder-app-af33b/services/artifactregistry.googleapis.com x-goog-quota-user=projects/tinder-app-af33b
[debug] [2023-09-20T17:41:30.944Z] <<< [apiv2][status] GET https://serviceusage.googleapis.com/v1/projects/tinder-app-af33b/services/runtimeconfig.googleapis.com 200
[debug] [2023-09-20T17:41:30.944Z] <<< [apiv2][body] GET https://serviceusage.googleapis.com/v1/projects/tinder-app-af33b/services/runtimeconfig.googleapis.com [omitted]
[debug] [2023-09-20T17:41:30.963Z] <<< [apiv2][status] GET https://serviceusage.googleapis.com/v1/projects/tinder-app-af33b/services/cloudfunctions.googleapis.com 200
[debug] [2023-09-20T17:41:30.963Z] <<< [apiv2][body] GET https://serviceusage.googleapis.com/v1/projects/tinder-app-af33b/services/cloudfunctions.googleapis.com [omitted]
[info] ✔  functions: required API cloudfunctions.googleapis.com is enabled 
[debug] [2023-09-20T17:41:30.965Z] <<< [apiv2][status] GET https://serviceusage.googleapis.com/v1/projects/tinder-app-af33b/services/cloudbuild.googleapis.com 200
[debug] [2023-09-20T17:41:30.965Z] <<< [apiv2][body] GET https://serviceusage.googleapis.com/v1/projects/tinder-app-af33b/services/cloudbuild.googleapis.com [omitted]
[info] ✔  functions: required API cloudbuild.googleapis.com is enabled 
[debug] [2023-09-20T17:41:30.966Z] <<< [apiv2][status] GET https://serviceusage.googleapis.com/v1/projects/tinder-app-af33b/services/artifactregistry.googleapis.com 200
[debug] [2023-09-20T17:41:30.966Z] <<< [apiv2][body] GET https://serviceusage.googleapis.com/v1/projects/tinder-app-af33b/services/artifactregistry.googleapis.com [omitted]
[info] ✔  artifactregistry: required API artifactregistry.googleapis.com is enabled 
[debug] [2023-09-20T17:41:30.967Z] >>> [apiv2][query] GET https://firebase.googleapis.com/v1beta1/projects/tinder-app-af33b/adminSdkConfig [none]
[debug] [2023-09-20T17:41:31.191Z] <<< [apiv2][status] GET https://firebase.googleapis.com/v1beta1/projects/tinder-app-af33b/adminSdkConfig 200
[debug] [2023-09-20T17:41:31.191Z] <<< [apiv2][body] GET https://firebase.googleapis.com/v1beta1/projects/tinder-app-af33b/adminSdkConfig {"projectId":"tinder-app-af33b","storageBucket":"tinder-app-af33b.appspot.com","locationId":"europe-west"}
[debug] [2023-09-20T17:41:31.192Z] >>> [apiv2][query] GET https://runtimeconfig.googleapis.com/v1beta1/projects/tinder-app-af33b/configs [none]
[debug] [2023-09-20T17:41:31.381Z] <<< [apiv2][status] GET https://runtimeconfig.googleapis.com/v1beta1/projects/tinder-app-af33b/configs 200
[debug] [2023-09-20T17:41:31.381Z] <<< [apiv2][body] GET https://runtimeconfig.googleapis.com/v1beta1/projects/tinder-app-af33b/configs {}
[debug] [2023-09-20T17:41:31.384Z] Validating nodejs source
[debug] [2023-09-20T17:41:32.593Z] > [functions] package.json contents: {
  "name": "functions",
  "scripts": {
    "lint": "eslint --ext .js,.ts .",
    "build": "tsc",
    "build:watch": "tsc --watch",
    "serve": "npm run build && firebase emulators:start --only functions",
    "shell": "npm run build && firebase functions:shell",
    "start": "npm run shell",
    "deploy": "firebase deploy --only functions",
    "logs": "firebase functions:log"
  },
  "engines": {
    "node": "18"
  },
  "main": "lib/index.js",
  "dependencies": {
    "express": "^4.18.2",
    "express-rate-limit": "^7.0.1",
    "firebase-admin": "^11.8.0",
    "firebase-functions": "^4.3.1"
  },
  "devDependencies": {
    "@typescript-eslint/eslint-plugin": "^5.62.0",
    "@typescript-eslint/parser": "^5.62.0",
    "eslint": "^8.49.0",
    "eslint-config-google": "^0.14.0",
    "eslint-plugin-import": "^2.25.4",
    "firebase-functions-test": "^3.1.0",
    "typescript": "^4.9.0"
  },
  "private": true
}
[debug] [2023-09-20T17:41:32.593Z] Building nodejs source
[info] i  functions: Loading and analyzing source code for codebase default to determine what to deploy 
[debug] [2023-09-20T17:41:32.596Z] Could not find functions.yaml. Must use http discovery
[debug] [2023-09-20T17:41:32.611Z] Found firebase-functions binary at '/Users/aviadomeisi/Desktop/firebase-functions-tinder-app/functions/node_modules/.bin/firebase-functions'
[info] Serving at port 8229

[debug] [2023-09-20T17:41:33.380Z] Got response from /__/functions.yaml {"endpoints":{"api":{"platform":"gcfv1","availableMemoryMb":null,"timeoutSeconds":null,"minInstances":null,"maxInstances":null,"ingressSettings":null,"serviceAccountEmail":null,"vpc":null,"httpsTrigger":{},"entryPoint":"api"}},"specVersion":"v1alpha1","requiredAPIs":[]}
[info] shutdown requested via /__/quitquitquit

[info] i  functions: preparing functions directory for uploading... 
[info] i  functions: packaged /Users/aviadomeisi/Desktop/firebase-functions-tinder-app/functions (93.72 KB) for uploading 
[debug] [2023-09-20T17:41:33.514Z] >>> [apiv2][query] GET https://cloudfunctions.googleapis.com/v1/projects/tinder-app-af33b/locations/-/functions [none]
[debug] [2023-09-20T17:41:34.012Z] <<< [apiv2][status] GET https://cloudfunctions.googleapis.com/v1/projects/tinder-app-af33b/locations/-/functions 200
[debug] [2023-09-20T17:41:34.012Z] <<< [apiv2][body] GET https://cloudfunctions.googleapis.com/v1/projects/tinder-app-af33b/locations/-/functions {"functions":[{"name":"projects/tinder-app-af33b/locations/us-central1/functions/getRequestHandler","httpsTrigger":{"url":"https://us-central1-tinder-app-af33b.cloudfunctions.net/getRequestHandler","securityLevel":"SECURE_ALWAYS"},"status":"ACTIVE","entryPoint":"getRequestHandler","timeout":"60s","availableMemoryMb":256,"serviceAccountEmail":"tinder-app-af33b@appspot.gserviceaccount.com","updateTime":"2023-09-20T16:15:52.526Z","versionId":"4","labels":{"deployment-tool":"cli-firebase","firebase-functions-hash":"d45886f6b24336078293bf02bb7e4e84805c80e7"},"sourceUploadUrl":"https://storage.googleapis.com/uploads-770746211582.us-central1.cloudfunctions.appspot.com/b4c459fc-48dc-41fb-9f6b-9f639491d2a2.zip","environmentVariables":{"FIREBASE_CONFIG":"{\"projectId\":\"tinder-app-af33b\",\"storageBucket\":\"tinder-app-af33b.appspot.com\",\"locationId\":\"europe-west\"}","GCLOUD_PROJECT":"tinder-app-af33b","EVENTARC_CLOUD_EVENT_SOURCE":"projects/tinder-app-af33b/locations/us-central1/functions/getRequestHandler"},"runtime":"nodejs18","ingressSettings":"ALLOW_ALL","buildId":"a90b7b92-ff81-4d5a-9edb-da29a3d09294","buildEnvironmentVariables":{"GOOGLE_NODE_RUN_SCRIPTS":""},"buildName":"projects/529746460585/locations/us-central1/builds/a90b7b92-ff81-4d5a-9edb-da29a3d09294","dockerRegistry":"ARTIFACT_REGISTRY"},{"name":"projects/tinder-app-af33b/locations/us-central1/functions/postRequestHandler","httpsTrigger":{"url":"https://us-central1-tinder-app-af33b.cloudfunctions.net/postRequestHandler","securityLevel":"SECURE_ALWAYS"},"status":"ACTIVE","entryPoint":"postRequestHandler","timeout":"60s","availableMemoryMb":256,"serviceAccountEmail":"tinder-app-af33b@appspot.gserviceaccount.com","updateTime":"2023-09-20T16:16:00.556Z","versionId":"4","labels":{"deployment-tool":"cli-firebase","firebase-functions-hash":"d45886f6b24336078293bf02bb7e4e84805c80e7"},"sourceUploadUrl":"https://storage.googleapis.com/uploads-770746211582.us-central1.cloudfunctions.appspot.com/b4c459fc-48dc-41fb-9f6b-9f639491d2a2.zip","environmentVariables":{"FIREBASE_CONFIG":"{\"projectId\":\"tinder-app-af33b\",\"storageBucket\":\"tinder-app-af33b.appspot.com\",\"locationId\":\"europe-west\"}","GCLOUD_PROJECT":"tinder-app-af33b","EVENTARC_CLOUD_EVENT_SOURCE":"projects/tinder-app-af33b/locations/us-central1/functions/postRequestHandler"},"runtime":"nodejs18","ingressSettings":"ALLOW_ALL","buildId":"a90b7b92-ff81-4d5a-9edb-da29a3d09294","buildEnvironmentVariables":{"GOOGLE_NODE_RUN_SCRIPTS":""},"buildName":"projects/529746460585/locations/us-central1/builds/a90b7b92-ff81-4d5a-9edb-da29a3d09294","dockerRegistry":"ARTIFACT_REGISTRY"}]}
[debug] [2023-09-20T17:41:34.014Z] >>> [apiv2][query] GET https://cloudfunctions.googleapis.com/v2/projects/tinder-app-af33b/locations/-/functions filter=environment%3D%22GEN_2%22
[debug] [2023-09-20T17:41:34.537Z] <<< [apiv2][status] GET https://cloudfunctions.googleapis.com/v2/projects/tinder-app-af33b/locations/-/functions 200
[debug] [2023-09-20T17:41:34.537Z] <<< [apiv2][body] GET https://cloudfunctions.googleapis.com/v2/projects/tinder-app-af33b/locations/-/functions {}
[debug] [2023-09-20T17:41:34.541Z] >>> [apiv2][query] GET https://firebase.googleapis.com/v1beta1/projects/tinder-app-af33b [none]
[debug] [2023-09-20T17:41:34.752Z] <<< [apiv2][status] GET https://firebase.googleapis.com/v1beta1/projects/tinder-app-af33b 200
[debug] [2023-09-20T17:41:34.752Z] <<< [apiv2][body] GET https://firebase.googleapis.com/v1beta1/projects/tinder-app-af33b {"projectId":"tinder-app-af33b","projectNumber":"529746460585","displayName":"tinder-app","name":"projects/tinder-app-af33b","resources":{"hostingSite":"tinder-app-af33b","storageBucket":"tinder-app-af33b.appspot.com","locationId":"europe-west"},"state":"ACTIVE","etag":"1_2a8d339b-0619-4dd3-bfd6-af470c427076"}
[debug] [2023-09-20T17:41:34.753Z] [functions] found 1 new HTTP functions, testing setIamPolicy permission...
[debug] [2023-09-20T17:41:34.754Z] >>> [apiv2][query] POST https://cloudresourcemanager.googleapis.com/v1/projects/tinder-app-af33b:testIamPermissions [none]
[debug] [2023-09-20T17:41:34.754Z] >>> [apiv2][(partial)header] POST https://cloudresourcemanager.googleapis.com/v1/projects/tinder-app-af33b:testIamPermissions x-goog-quota-user=projects/tinder-app-af33b
[debug] [2023-09-20T17:41:34.754Z] >>> [apiv2][body] POST https://cloudresourcemanager.googleapis.com/v1/projects/tinder-app-af33b:testIamPermissions {"permissions":["cloudfunctions.functions.setIamPolicy"]}
[debug] [2023-09-20T17:41:34.973Z] <<< [apiv2][status] POST https://cloudresourcemanager.googleapis.com/v1/projects/tinder-app-af33b:testIamPermissions 200
[debug] [2023-09-20T17:41:34.973Z] <<< [apiv2][body] POST https://cloudresourcemanager.googleapis.com/v1/projects/tinder-app-af33b:testIamPermissions {"permissions":["cloudfunctions.functions.setIamPolicy"]}
[debug] [2023-09-20T17:41:34.973Z] [functions] found setIamPolicy permission, proceeding with deploy
[debug] [2023-09-20T17:41:34.974Z] >>> [apiv2][query] POST https://cloudfunctions.googleapis.com/v1/projects/tinder-app-af33b/locations/us-central1/functions:generateUploadUrl [none]
[debug] [2023-09-20T17:41:34.974Z] >>> [apiv2][body] POST https://cloudfunctions.googleapis.com/v1/projects/tinder-app-af33b/locations/us-central1/functions:generateUploadUrl {}
[debug] [2023-09-20T17:41:35.531Z] <<< [apiv2][status] POST https://cloudfunctions.googleapis.com/v1/projects/tinder-app-af33b/locations/us-central1/functions:generateUploadUrl 200
[debug] [2023-09-20T17:41:35.532Z] <<< [apiv2][body] POST https://cloudfunctions.googleapis.com/v1/projects/tinder-app-af33b/locations/us-central1/functions:generateUploadUrl {"uploadUrl":"https://storage.googleapis.com/uploads-770746211582.us-central1.cloudfunctions.appspot.com/c7069bca-8657-4f8d-b18e-502d2ac457ab.zip?GoogleAccessId=service-529746460585@gcf-admin-robot.iam.gserviceaccount.com&Expires=1695233495&Signature=e1Bh3qrJUhvbctXJGmVV3WkdfVWaph47U8pJQlnZ7a7AWis787NU%2Fgm91pcJmrp6UCAUpIX5B8dp0%2BbbS5nJp%2BAO9r%2F2NuYSlRpQiLFqW9PyzdHM0xQXlpqgqfpGNXLaQxtAzYTYRDa4PpGcwsVKNHFrEqyalno4KrA70NB1atLF5aa2QMcwXc8G1B9dzKHMmxIxWt%2Bxp%2Brk7%2Bs0Wjts5qxv9a6R%2FbO%2BwZFAFQHNWRHg08EidA8Vgz3f9VWVAnvuKMaq1QHE64W3KeL0TFO0HZiMIQ5TYTPvNZNN%2F2AMSm36iQX5j37kd1jWZiQf1GO1%2FMjwUQUG0EpCsLryn0gRuA%3D%3D"}
[debug] [2023-09-20T17:41:35.533Z] >>> [apiv2][query] PUT https://storage.googleapis.com/uploads-770746211582.us-central1.cloudfunctions.appspot.com/c7069bca-8657-4f8d-b18e-502d2ac457ab.zip GoogleAccessId=service-529746460585%40gcf-admin-robot.iam.gserviceaccount.com&Expires=1695233495&Signature=e1Bh3qrJUhvbctXJGmVV3WkdfVWaph47U8pJQlnZ7a7AWis787NU%2Fgm91pcJmrp6UCAUpIX5B8dp0%2BbbS5nJp%2BAO9r%2F2NuYSlRpQiLFqW9PyzdHM0xQXlpqgqfpGNXLaQxtAzYTYRDa4PpGcwsVKNHFrEqyalno4KrA70NB1atLF5aa2QMcwXc8G1B9dzKHMmxIxWt%2Bxp%2Brk7%2Bs0Wjts5qxv9a6R%2FbO%2BwZFAFQHNWRHg08EidA8Vgz3f9VWVAnvuKMaq1QHE64W3KeL0TFO0HZiMIQ5TYTPvNZNN%2F2AMSm36iQX5j37kd1jWZiQf1GO1%2FMjwUQUG0EpCsLryn0gRuA%3D%3D
[debug] [2023-09-20T17:41:35.534Z] >>> [apiv2][body] PUT https://storage.googleapis.com/uploads-770746211582.us-central1.cloudfunctions.appspot.com/c7069bca-8657-4f8d-b18e-502d2ac457ab.zip [stream]
[debug] [2023-09-20T17:41:35.769Z] <<< [apiv2][status] PUT https://storage.googleapis.com/uploads-770746211582.us-central1.cloudfunctions.appspot.com/c7069bca-8657-4f8d-b18e-502d2ac457ab.zip 200
[debug] [2023-09-20T17:41:35.770Z] <<< [apiv2][body] PUT https://storage.googleapis.com/uploads-770746211582.us-central1.cloudfunctions.appspot.com/c7069bca-8657-4f8d-b18e-502d2ac457ab.zip [omitted]
[info] ✔  functions: functions folder uploaded successfully 
[info] 
The following functions are found in your project but do not exist in your local source code:
	getRequestHandler(us-central1)
	postRequestHandler(us-central1)

If you are renaming a function or changing its region, it is recommended that you create the new function first before deleting the old one to prevent event loss. For more info, visit https://firebase.google.com/docs/functions/manage-functions#modify

[info] i  functions: creating Node.js 18 (1st Gen) function api(us-central1)... 
[info] i  functions: deleting Node.js 18 (1st Gen) function getRequestHandler(us-central1)... 
[info] i  functions: deleting Node.js 18 (1st Gen) function postRequestHandler(us-central1)... 
[debug] [2023-09-20T17:41:40.746Z] >>> [apiv2][query] POST https://cloudfunctions.googleapis.com/v1/projects/tinder-app-af33b/locations/us-central1/functions [none]
[debug] [2023-09-20T17:41:40.747Z] >>> [apiv2][body] POST https://cloudfunctions.googleapis.com/v1/projects/tinder-app-af33b/locations/us-central1/functions {"name":"projects/tinder-app-af33b/locations/us-central1/functions/api","sourceUploadUrl":"https://storage.googleapis.com/uploads-770746211582.us-central1.cloudfunctions.appspot.com/c7069bca-8657-4f8d-b18e-502d2ac457ab.zip?GoogleAccessId=service-529746460585@gcf-admin-robot.iam.gserviceaccount.com&Expires=1695233495&Signature=e1Bh3qrJUhvbctXJGmVV3WkdfVWaph47U8pJQlnZ7a7AWis787NU%2Fgm91pcJmrp6UCAUpIX5B8dp0%2BbbS5nJp%2BAO9r%2F2NuYSlRpQiLFqW9PyzdHM0xQXlpqgqfpGNXLaQxtAzYTYRDa4PpGcwsVKNHFrEqyalno4KrA70NB1atLF5aa2QMcwXc8G1B9dzKHMmxIxWt%2Bxp%2Brk7%2Bs0Wjts5qxv9a6R%2FbO%2BwZFAFQHNWRHg08EidA8Vgz3f9VWVAnvuKMaq1QHE64W3KeL0TFO0HZiMIQ5TYTPvNZNN%2F2AMSm36iQX5j37kd1jWZiQf1GO1%2FMjwUQUG0EpCsLryn0gRuA%3D%3D","entryPoint":"api","runtime":"nodejs18","dockerRegistry":"ARTIFACT_REGISTRY","labels":{"deployment-tool":"cli-firebase","firebase-functions-hash":"ab9fc9a01b1d327b9eeb77d43d28c755cfcbb238"},"httpsTrigger":{"securityLevel":"SECURE_ALWAYS"},"minInstances":null,"maxInstances":null,"ingressSettings":null,"environmentVariables":{"FIREBASE_CONFIG":"{\"projectId\":\"tinder-app-af33b\",\"storageBucket\":\"tinder-app-af33b.appspot.com\",\"locationId\":\"europe-west\"}","GCLOUD_PROJECT":"tinder-app-af33b","EVENTARC_CLOUD_EVENT_SOURCE":"projects/tinder-app-af33b/locations/us-central1/functions/api"},"serviceAccountEmail":null,"availableMemoryMb":null,"timeout":null,"vpcConnector":null,"vpcConnectorEgressSettings":null,"buildEnvironmentVariables":{"GOOGLE_NODE_RUN_SCRIPTS":""}}
[debug] [2023-09-20T17:41:40.749Z] >>> [apiv2][query] DELETE https://cloudfunctions.googleapis.com/v1/projects/tinder-app-af33b/locations/us-central1/functions/getRequestHandler [none]
[debug] [2023-09-20T17:41:40.751Z] >>> [apiv2][query] DELETE https://cloudfunctions.googleapis.com/v1/projects/tinder-app-af33b/locations/us-central1/functions/postRequestHandler [none]
[debug] [2023-09-20T17:41:40.941Z] <<< [apiv2][status] DELETE https://cloudfunctions.googleapis.com/v1/projects/tinder-app-af33b/locations/us-central1/functions/getRequestHandler 200
[debug] [2023-09-20T17:41:40.941Z] <<< [apiv2][body] DELETE https://cloudfunctions.googleapis.com/v1/projects/tinder-app-af33b/locations/us-central1/functions/getRequestHandler {"name":"operations/dGluZGVyLWFwcC1hZjMzYi91cy1jZW50cmFsMS9nZXRSZXF1ZXN0SGFuZGxlci9tRmw5Rzg5dnFTUQ","metadata":{"@type":"type.googleapis.com/google.cloud.functions.v1.OperationMetadataV1","target":"projects/tinder-app-af33b/locations/us-central1/functions/getRequestHandler","type":"DELETE_FUNCTION","request":{"@type":"type.googleapis.com/google.protobuf.Empty"},"updateTime":"2023-09-20T17:41:40Z"}}
[debug] [2023-09-20T17:41:40.942Z] >>> [apiv2][query] GET https://cloudfunctions.googleapis.com/v1/operations/dGluZGVyLWFwcC1hZjMzYi91cy1jZW50cmFsMS9nZXRSZXF1ZXN0SGFuZGxlci9tRmw5Rzg5dnFTUQ [none]
[debug] [2023-09-20T17:41:40.963Z] <<< [apiv2][status] DELETE https://cloudfunctions.googleapis.com/v1/projects/tinder-app-af33b/locations/us-central1/functions/postRequestHandler 200
[debug] [2023-09-20T17:41:40.963Z] <<< [apiv2][body] DELETE https://cloudfunctions.googleapis.com/v1/projects/tinder-app-af33b/locations/us-central1/functions/postRequestHandler {"name":"operations/dGluZGVyLWFwcC1hZjMzYi91cy1jZW50cmFsMS9wb3N0UmVxdWVzdEhhbmRsZXIvRWt3dXZyYlpTUzQ","metadata":{"@type":"type.googleapis.com/google.cloud.functions.v1.OperationMetadataV1","target":"projects/tinder-app-af33b/locations/us-central1/functions/postRequestHandler","type":"DELETE_FUNCTION","request":{"@type":"type.googleapis.com/google.protobuf.Empty"},"updateTime":"2023-09-20T17:41:41Z"}}
[debug] [2023-09-20T17:41:40.963Z] >>> [apiv2][query] GET https://cloudfunctions.googleapis.com/v1/operations/dGluZGVyLWFwcC1hZjMzYi91cy1jZW50cmFsMS9wb3N0UmVxdWVzdEhhbmRsZXIvRWt3dXZyYlpTUzQ [none]
[debug] [2023-09-20T17:41:41.114Z] <<< [apiv2][status] GET https://cloudfunctions.googleapis.com/v1/operations/dGluZGVyLWFwcC1hZjMzYi91cy1jZW50cmFsMS9nZXRSZXF1ZXN0SGFuZGxlci9tRmw5Rzg5dnFTUQ 200
[debug] [2023-09-20T17:41:41.114Z] <<< [apiv2][body] GET https://cloudfunctions.googleapis.com/v1/operations/dGluZGVyLWFwcC1hZjMzYi91cy1jZW50cmFsMS9nZXRSZXF1ZXN0SGFuZGxlci9tRmw5Rzg5dnFTUQ {"name":"operations/dGluZGVyLWFwcC1hZjMzYi91cy1jZW50cmFsMS9nZXRSZXF1ZXN0SGFuZGxlci9tRmw5Rzg5dnFTUQ","metadata":{"@type":"type.googleapis.com/google.cloud.functions.v1.OperationMetadataV1","target":"projects/tinder-app-af33b/locations/us-central1/functions/getRequestHandler","type":"DELETE_FUNCTION","request":{"@type":"type.googleapis.com/google.protobuf.Empty"},"updateTime":"2023-09-20T17:41:41Z"}}
[debug] [2023-09-20T17:41:41.131Z] <<< [apiv2][status] GET https://cloudfunctions.googleapis.com/v1/operations/dGluZGVyLWFwcC1hZjMzYi91cy1jZW50cmFsMS9wb3N0UmVxdWVzdEhhbmRsZXIvRWt3dXZyYlpTUzQ 200
[debug] [2023-09-20T17:41:41.131Z] <<< [apiv2][body] GET https://cloudfunctions.googleapis.com/v1/operations/dGluZGVyLWFwcC1hZjMzYi91cy1jZW50cmFsMS9wb3N0UmVxdWVzdEhhbmRsZXIvRWt3dXZyYlpTUzQ {"name":"operations/dGluZGVyLWFwcC1hZjMzYi91cy1jZW50cmFsMS9wb3N0UmVxdWVzdEhhbmRsZXIvRWt3dXZyYlpTUzQ","metadata":{"@type":"type.googleapis.com/google.cloud.functions.v1.OperationMetadataV1","target":"projects/tinder-app-af33b/locations/us-central1/functions/postRequestHandler","type":"DELETE_FUNCTION","request":{"@type":"type.googleapis.com/google.protobuf.Empty"},"updateTime":"2023-09-20T17:41:41Z"}}
[debug] [2023-09-20T17:41:41.355Z] <<< [apiv2][status] POST https://cloudfunctions.googleapis.com/v1/projects/tinder-app-af33b/locations/us-central1/functions 200
[debug] [2023-09-20T17:41:41.355Z] <<< [apiv2][body] POST https://cloudfunctions.googleapis.com/v1/projects/tinder-app-af33b/locations/us-central1/functions {"name":"operations/dGluZGVyLWFwcC1hZjMzYi91cy1jZW50cmFsMS9hcGkvemwxRmlDMmFmT0k","metadata":{"@type":"type.googleapis.com/google.cloud.functions.v1.OperationMetadataV1","target":"projects/tinder-app-af33b/locations/us-central1/functions/api","type":"CREATE_FUNCTION","request":{"@type":"type.googleapis.com/google.cloud.functions.v1.CloudFunction","name":"projects/tinder-app-af33b/locations/us-central1/functions/api","httpsTrigger":{"securityLevel":"SECURE_ALWAYS"},"entryPoint":"api","labels":{"deployment-tool":"cli-firebase","firebase-functions-hash":"ab9fc9a01b1d327b9eeb77d43d28c755cfcbb238"},"sourceUploadUrl":"https://storage.googleapis.com/uploads-770746211582.us-central1.cloudfunctions.appspot.com/c7069bca-8657-4f8d-b18e-502d2ac457ab.zip?GoogleAccessId=service-529746460585@gcf-admin-robot.iam.gserviceaccount.com&Expires=1695233495&Signature=e1Bh3qrJUhvbctXJGmVV3WkdfVWaph47U8pJQlnZ7a7AWis787NU%2Fgm91pcJmrp6UCAUpIX5B8dp0%2BbbS5nJp%2BAO9r%2F2NuYSlRpQiLFqW9PyzdHM0xQXlpqgqfpGNXLaQxtAzYTYRDa4PpGcwsVKNHFrEqyalno4KrA70NB1atLF5aa2QMcwXc8G1B9dzKHMmxIxWt%2Bxp%2Brk7%2Bs0Wjts5qxv9a6R%2FbO%2BwZFAFQHNWRHg08EidA8Vgz3f9VWVAnvuKMaq1QHE64W3KeL0TFO0HZiMIQ5TYTPvNZNN%2F2AMSm36iQX5j37kd1jWZiQf1GO1%2FMjwUQUG0EpCsLryn0gRuA%3D%3D","environmentVariables":{"FIREBASE_CONFIG":"{\"projectId\":\"tinder-app-af33b\",\"storageBucket\":\"tinder-app-af33b.appspot.com\",\"locationId\":\"europe-west\"}","GCLOUD_PROJECT":"tinder-app-af33b","EVENTARC_CLOUD_EVENT_SOURCE":"projects/tinder-app-af33b/locations/us-central1/functions/api"},"runtime":"nodejs18","buildEnvironmentVariables":{"GOOGLE_NODE_RUN_SCRIPTS":""},"dockerRegistry":"ARTIFACT_REGISTRY"},"versionId":"1","updateTime":"2023-09-20T17:41:41Z"}}
[debug] [2023-09-20T17:41:41.356Z] >>> [apiv2][query] GET https://cloudfunctions.googleapis.com/v1/operations/dGluZGVyLWFwcC1hZjMzYi91cy1jZW50cmFsMS9hcGkvemwxRmlDMmFmT0k [none]
[debug] [2023-09-20T17:41:41.515Z] <<< [apiv2][status] GET https://cloudfunctions.googleapis.com/v1/operations/dGluZGVyLWFwcC1hZjMzYi91cy1jZW50cmFsMS9hcGkvemwxRmlDMmFmT0k 200
[debug] [2023-09-20T17:41:41.515Z] <<< [apiv2][body] GET https://cloudfunctions.googleapis.com/v1/operations/dGluZGVyLWFwcC1hZjMzYi91cy1jZW50cmFsMS9hcGkvemwxRmlDMmFmT0k {"name":"operations/dGluZGVyLWFwcC1hZjMzYi91cy1jZW50cmFsMS9hcGkvemwxRmlDMmFmT0k","metadata":{"@type":"type.googleapis.com/google.cloud.functions.v1.OperationMetadataV1","target":"projects/tinder-app-af33b/locations/us-central1/functions/api","type":"CREATE_FUNCTION","request":{"@type":"type.googleapis.com/google.cloud.functions.v1.CloudFunction","name":"projects/tinder-app-af33b/locations/us-central1/functions/api","httpsTrigger":{"securityLevel":"SECURE_ALWAYS"},"entryPoint":"api","labels":{"deployment-tool":"cli-firebase","firebase-functions-hash":"ab9fc9a01b1d327b9eeb77d43d28c755cfcbb238"},"sourceUploadUrl":"https://storage.googleapis.com/uploads-770746211582.us-central1.cloudfunctions.appspot.com/c7069bca-8657-4f8d-b18e-502d2ac457ab.zip?GoogleAccessId=service-529746460585@gcf-admin-robot.iam.gserviceaccount.com&Expires=1695233495&Signature=e1Bh3qrJUhvbctXJGmVV3WkdfVWaph47U8pJQlnZ7a7AWis787NU%2Fgm91pcJmrp6UCAUpIX5B8dp0%2BbbS5nJp%2BAO9r%2F2NuYSlRpQiLFqW9PyzdHM0xQXlpqgqfpGNXLaQxtAzYTYRDa4PpGcwsVKNHFrEqyalno4KrA70NB1atLF5aa2QMcwXc8G1B9dzKHMmxIxWt%2Bxp%2Brk7%2Bs0Wjts5qxv9a6R%2FbO%2BwZFAFQHNWRHg08EidA8Vgz3f9VWVAnvuKMaq1QHE64W3KeL0TFO0HZiMIQ5TYTPvNZNN%2F2AMSm36iQX5j37kd1jWZiQf1GO1%2FMjwUQUG0EpCsLryn0gRuA%3D%3D","environmentVariables":{"FIREBASE_CONFIG":"{\"projectId\":\"tinder-app-af33b\",\"storageBucket\":\"tinder-app-af33b.appspot.com\",\"locationId\":\"europe-west\"}","GCLOUD_PROJECT":"tinder-app-af33b","EVENTARC_CLOUD_EVENT_SOURCE":"projects/tinder-app-af33b/locations/us-central1/functions/api"},"runtime":"nodejs18","buildEnvironmentVariables":{"GOOGLE_NODE_RUN_SCRIPTS":""},"dockerRegistry":"ARTIFACT_REGISTRY"},"versionId":"1","updateTime":"2023-09-20T17:41:41Z"}}
[debug] [2023-09-20T17:41:41.616Z] [delete-default-us-central1-getRequestHandler] Retrying task index 0
[debug] [2023-09-20T17:41:41.616Z] >>> [apiv2][query] GET https://cloudfunctions.googleapis.com/v1/operations/dGluZGVyLWFwcC1hZjMzYi91cy1jZW50cmFsMS9nZXRSZXF1ZXN0SGFuZGxlci9tRmw5Rzg5dnFTUQ [none]
[debug] [2023-09-20T17:41:41.632Z] [delete-default-us-central1-postRequestHandler] Retrying task index 0
[debug] [2023-09-20T17:41:41.633Z] >>> [apiv2][query] GET https://cloudfunctions.googleapis.com/v1/operations/dGluZGVyLWFwcC1hZjMzYi91cy1jZW50cmFsMS9wb3N0UmVxdWVzdEhhbmRsZXIvRWt3dXZyYlpTUzQ [none]
[debug] [2023-09-20T17:41:41.774Z] <<< [apiv2][status] GET https://cloudfunctions.googleapis.com/v1/operations/dGluZGVyLWFwcC1hZjMzYi91cy1jZW50cmFsMS9nZXRSZXF1ZXN0SGFuZGxlci9tRmw5Rzg5dnFTUQ 200
[debug] [2023-09-20T17:41:41.775Z] <<< [apiv2][body] GET https://cloudfunctions.googleapis.com/v1/operations/dGluZGVyLWFwcC1hZjMzYi91cy1jZW50cmFsMS9nZXRSZXF1ZXN0SGFuZGxlci9tRmw5Rzg5dnFTUQ {"name":"operations/dGluZGVyLWFwcC1hZjMzYi91cy1jZW50cmFsMS9nZXRSZXF1ZXN0SGFuZGxlci9tRmw5Rzg5dnFTUQ","metadata":{"@type":"type.googleapis.com/google.cloud.functions.v1.OperationMetadataV1","target":"projects/tinder-app-af33b/locations/us-central1/functions/getRequestHandler","type":"DELETE_FUNCTION","request":{"@type":"type.googleapis.com/google.protobuf.Empty"},"updateTime":"2023-09-20T17:41:41Z"}}
[debug] [2023-09-20T17:41:41.796Z] <<< [apiv2][status] GET https://cloudfunctions.googleapis.com/v1/operations/dGluZGVyLWFwcC1hZjMzYi91cy1jZW50cmFsMS9wb3N0UmVxdWVzdEhhbmRsZXIvRWt3dXZyYlpTUzQ 200
[debug] [2023-09-20T17:41:41.796Z] <<< [apiv2][body] GET https://cloudfunctions.googleapis.com/v1/operations/dGluZGVyLWFwcC1hZjMzYi91cy1jZW50cmFsMS9wb3N0UmVxdWVzdEhhbmRsZXIvRWt3dXZyYlpTUzQ {"name":"operations/dGluZGVyLWFwcC1hZjMzYi91cy1jZW50cmFsMS9wb3N0UmVxdWVzdEhhbmRsZXIvRWt3dXZyYlpTUzQ","metadata":{"@type":"type.googleapis.com/google.cloud.functions.v1.OperationMetadataV1","target":"projects/tinder-app-af33b/locations/us-central1/functions/postRequestHandler","type":"DELETE_FUNCTION","request":{"@type":"type.googleapis.com/google.protobuf.Empty"},"updateTime":"2023-09-20T17:41:41Z"}}
[debug] [2023-09-20T17:41:42.017Z] [create-default-us-central1-api] Retrying task index 0
[debug] [2023-09-20T17:41:42.017Z] >>> [apiv2][query] GET https://cloudfunctions.googleapis.com/v1/operations/dGluZGVyLWFwcC1hZjMzYi91cy1jZW50cmFsMS9hcGkvemwxRmlDMmFmT0k [none]
[debug] [2023-09-20T17:41:42.174Z] <<< [apiv2][status] GET https://cloudfunctions.googleapis.com/v1/operations/dGluZGVyLWFwcC1hZjMzYi91cy1jZW50cmFsMS9hcGkvemwxRmlDMmFmT0k 200
[debug] [2023-09-20T17:41:42.174Z] <<< [apiv2][body] GET https://cloudfunctions.googleapis.com/v1/operations/dGluZGVyLWFwcC1hZjMzYi91cy1jZW50cmFsMS9hcGkvemwxRmlDMmFmT0k {"name":"operations/dGluZGVyLWFwcC1hZjMzYi91cy1jZW50cmFsMS9hcGkvemwxRmlDMmFmT0k","metadata":{"@type":"type.googleapis.com/google.cloud.functions.v1.OperationMetadataV1","target":"projects/tinder-app-af33b/locations/us-central1/functions/api","type":"CREATE_FUNCTION","request":{"@type":"type.googleapis.com/google.cloud.functions.v1.CloudFunction","name":"projects/tinder-app-af33b/locations/us-central1/functions/api","httpsTrigger":{"securityLevel":"SECURE_ALWAYS"},"entryPoint":"api","labels":{"deployment-tool":"cli-firebase","firebase-functions-hash":"ab9fc9a01b1d327b9eeb77d43d28c755cfcbb238"},"sourceUploadUrl":"https://storage.googleapis.com/uploads-770746211582.us-central1.cloudfunctions.appspot.com/c7069bca-8657-4f8d-b18e-502d2ac457ab.zip?GoogleAccessId=service-529746460585@gcf-admin-robot.iam.gserviceaccount.com&Expires=1695233495&Signature=e1Bh3qrJUhvbctXJGmVV3WkdfVWaph47U8pJQlnZ7a7AWis787NU%2Fgm91pcJmrp6UCAUpIX5B8dp0%2BbbS5nJp%2BAO9r%2F2NuYSlRpQiLFqW9PyzdHM0xQXlpqgqfpGNXLaQxtAzYTYRDa4PpGcwsVKNHFrEqyalno4KrA70NB1atLF5aa2QMcwXc8G1B9dzKHMmxIxWt%2Bxp%2Brk7%2Bs0Wjts5qxv9a6R%2FbO%2BwZFAFQHNWRHg08EidA8Vgz3f9VWVAnvuKMaq1QHE64W3KeL0TFO0HZiMIQ5TYTPvNZNN%2F2AMSm36iQX5j37kd1jWZiQf1GO1%2FMjwUQUG0EpCsLryn0gRuA%3D%3D","environmentVariables":{"FIREBASE_CONFIG":"{\"projectId\":\"tinder-app-af33b\",\"storageBucket\":\"tinder-app-af33b.appspot.com\",\"locationId\":\"europe-west\"}","GCLOUD_PROJECT":"tinder-app-af33b","EVENTARC_CLOUD_EVENT_SOURCE":"projects/tinder-app-af33b/locations/us-central1/functions/api"},"runtime":"nodejs18","buildEnvironmentVariables":{"GOOGLE_NODE_RUN_SCRIPTS":""},"dockerRegistry":"ARTIFACT_REGISTRY"},"versionId":"1","updateTime":"2023-09-20T17:41:41Z","buildId":"ded11af8-1a5b-45c4-8b7f-c401f3a6f725","buildName":"projects/529746460585/locations/us-central1/builds/ded11af8-1a5b-45c4-8b7f-c401f3a6f725"}}
[debug] [2023-09-20T17:41:42.775Z] [delete-default-us-central1-getRequestHandler] Retrying task index 0
[debug] [2023-09-20T17:41:42.775Z] >>> [apiv2][query] GET https://cloudfunctions.googleapis.com/v1/operations/dGluZGVyLWFwcC1hZjMzYi91cy1jZW50cmFsMS9nZXRSZXF1ZXN0SGFuZGxlci9tRmw5Rzg5dnFTUQ [none]
[debug] [2023-09-20T17:41:42.797Z] [delete-default-us-central1-postRequestHandler] Retrying task index 0
[debug] [2023-09-20T17:41:42.797Z] >>> [apiv2][query] GET https://cloudfunctions.googleapis.com/v1/operations/dGluZGVyLWFwcC1hZjMzYi91cy1jZW50cmFsMS9wb3N0UmVxdWVzdEhhbmRsZXIvRWt3dXZyYlpTUzQ [none]
[debug] [2023-09-20T17:41:42.912Z] <<< [apiv2][status] GET https://cloudfunctions.googleapis.com/v1/operations/dGluZGVyLWFwcC1hZjMzYi91cy1jZW50cmFsMS9nZXRSZXF1ZXN0SGFuZGxlci9tRmw5Rzg5dnFTUQ 200
[debug] [2023-09-20T17:41:42.913Z] <<< [apiv2][body] GET https://cloudfunctions.googleapis.com/v1/operations/dGluZGVyLWFwcC1hZjMzYi91cy1jZW50cmFsMS9nZXRSZXF1ZXN0SGFuZGxlci9tRmw5Rzg5dnFTUQ {"name":"operations/dGluZGVyLWFwcC1hZjMzYi91cy1jZW50cmFsMS9nZXRSZXF1ZXN0SGFuZGxlci9tRmw5Rzg5dnFTUQ","metadata":{"@type":"type.googleapis.com/google.cloud.functions.v1.OperationMetadataV1","target":"projects/tinder-app-af33b/locations/us-central1/functions/getRequestHandler","type":"DELETE_FUNCTION","request":{"@type":"type.googleapis.com/google.protobuf.Empty"},"updateTime":"2023-09-20T17:41:41Z"}}
[debug] [2023-09-20T17:41:42.952Z] <<< [apiv2][status] GET https://cloudfunctions.googleapis.com/v1/operations/dGluZGVyLWFwcC1hZjMzYi91cy1jZW50cmFsMS9wb3N0UmVxdWVzdEhhbmRsZXIvRWt3dXZyYlpTUzQ 200
[debug] [2023-09-20T17:41:42.952Z] <<< [apiv2][body] GET https://cloudfunctions.googleapis.com/v1/operations/dGluZGVyLWFwcC1hZjMzYi91cy1jZW50cmFsMS9wb3N0UmVxdWVzdEhhbmRsZXIvRWt3dXZyYlpTUzQ {"name":"operations/dGluZGVyLWFwcC1hZjMzYi91cy1jZW50cmFsMS9wb3N0UmVxdWVzdEhhbmRsZXIvRWt3dXZyYlpTUzQ","metadata":{"@type":"type.googleapis.com/google.cloud.functions.v1.OperationMetadataV1","target":"projects/tinder-app-af33b/locations/us-central1/functions/postRequestHandler","type":"DELETE_FUNCTION","request":{"@type":"type.googleapis.com/google.protobuf.Empty"},"updateTime":"2023-09-20T17:41:41Z"}}
[debug] [2023-09-20T17:41:43.175Z] [create-default-us-central1-api] Retrying task index 0
[debug] [2023-09-20T17:41:43.176Z] >>> [apiv2][query] GET https://cloudfunctions.googleapis.com/v1/operations/dGluZGVyLWFwcC1hZjMzYi91cy1jZW50cmFsMS9hcGkvemwxRmlDMmFmT0k [none]
[debug] [2023-09-20T17:41:43.319Z] <<< [apiv2][status] GET https://cloudfunctions.googleapis.com/v1/operations/dGluZGVyLWFwcC1hZjMzYi91cy1jZW50cmFsMS9hcGkvemwxRmlDMmFmT0k 200
[debug] [2023-09-20T17:41:43.319Z] <<< [apiv2][body] GET https://cloudfunctions.googleapis.com/v1/operations/dGluZGVyLWFwcC1hZjMzYi91cy1jZW50cmFsMS9hcGkvemwxRmlDMmFmT0k {"name":"operations/dGluZGVyLWFwcC1hZjMzYi91cy1jZW50cmFsMS9hcGkvemwxRmlDMmFmT0k","metadata":{"@type":"type.googleapis.com/google.cloud.functions.v1.OperationMetadataV1","target":"projects/tinder-app-af33b/locations/us-central1/functions/api","type":"CREATE_FUNCTION","request":{"@type":"type.googleapis.com/google.cloud.functions.v1.CloudFunction","name":"projects/tinder-app-af33b/locations/us-central1/functions/api","httpsTrigger":{"securityLevel":"SECURE_ALWAYS"},"entryPoint":"api","labels":{"deployment-tool":"cli-firebase","firebase-functions-hash":"ab9fc9a01b1d327b9eeb77d43d28c755cfcbb238"},"sourceUploadUrl":"https://storage.googleapis.com/uploads-770746211582.us-central1.cloudfunctions.appspot.com/c7069bca-8657-4f8d-b18e-502d2ac457ab.zip?GoogleAccessId=service-529746460585@gcf-admin-robot.iam.gserviceaccount.com&Expires=1695233495&Signature=e1Bh3qrJUhvbctXJGmVV3WkdfVWaph47U8pJQlnZ7a7AWis787NU%2Fgm91pcJmrp6UCAUpIX5B8dp0%2BbbS5nJp%2BAO9r%2F2NuYSlRpQiLFqW9PyzdHM0xQXlpqgqfpGNXLaQxtAzYTYRDa4PpGcwsVKNHFrEqyalno4KrA70NB1atLF5aa2QMcwXc8G1B9dzKHMmxIxWt%2Bxp%2Brk7%2Bs0Wjts5qxv9a6R%2FbO%2BwZFAFQHNWRHg08EidA8Vgz3f9VWVAnvuKMaq1QHE64W3KeL0TFO0HZiMIQ5TYTPvNZNN%2F2AMSm36iQX5j37kd1jWZiQf1GO1%2FMjwUQUG0EpCsLryn0gRuA%3D%3D","environmentVariables":{"FIREBASE_CONFIG":"{\"projectId\":\"tinder-app-af33b\",\"storageBucket\":\"tinder-app-af33b.appspot.com\",\"locationId\":\"europe-west\"}","GCLOUD_PROJECT":"tinder-app-af33b","EVENTARC_CLOUD_EVENT_SOURCE":"projects/tinder-app-af33b/locations/us-central1/functions/api"},"runtime":"nodejs18","buildEnvironmentVariables":{"GOOGLE_NODE_RUN_SCRIPTS":""},"dockerRegistry":"ARTIFACT_REGISTRY"},"versionId":"1","updateTime":"2023-09-20T17:41:41Z","buildId":"ded11af8-1a5b-45c4-8b7f-c401f3a6f725","buildName":"projects/529746460585/locations/us-central1/builds/ded11af8-1a5b-45c4-8b7f-c401f3a6f725"}}
[debug] [2023-09-20T17:41:44.913Z] [delete-default-us-central1-getRequestHandler] Retrying task index 0
[debug] [2023-09-20T17:41:44.914Z] >>> [apiv2][query] GET https://cloudfunctions.googleapis.com/v1/operations/dGluZGVyLWFwcC1hZjMzYi91cy1jZW50cmFsMS9nZXRSZXF1ZXN0SGFuZGxlci9tRmw5Rzg5dnFTUQ [none]
[debug] [2023-09-20T17:41:44.953Z] [delete-default-us-central1-postRequestHandler] Retrying task index 0
[debug] [2023-09-20T17:41:44.953Z] >>> [apiv2][query] GET https://cloudfunctions.googleapis.com/v1/operations/dGluZGVyLWFwcC1hZjMzYi91cy1jZW50cmFsMS9wb3N0UmVxdWVzdEhhbmRsZXIvRWt3dXZyYlpTUzQ [none]
[debug] [2023-09-20T17:41:45.062Z] <<< [apiv2][status] GET https://cloudfunctions.googleapis.com/v1/operations/dGluZGVyLWFwcC1hZjMzYi91cy1jZW50cmFsMS9nZXRSZXF1ZXN0SGFuZGxlci9tRmw5Rzg5dnFTUQ 200
[debug] [2023-09-20T17:41:45.062Z] <<< [apiv2][body] GET https://cloudfunctions.googleapis.com/v1/operations/dGluZGVyLWFwcC1hZjMzYi91cy1jZW50cmFsMS9nZXRSZXF1ZXN0SGFuZGxlci9tRmw5Rzg5dnFTUQ {"name":"operations/dGluZGVyLWFwcC1hZjMzYi91cy1jZW50cmFsMS9nZXRSZXF1ZXN0SGFuZGxlci9tRmw5Rzg5dnFTUQ","metadata":{"@type":"type.googleapis.com/google.cloud.functions.v1.OperationMetadataV1","target":"projects/tinder-app-af33b/locations/us-central1/functions/getRequestHandler","type":"DELETE_FUNCTION","request":{"@type":"type.googleapis.com/google.protobuf.Empty"},"updateTime":"2023-09-20T17:41:44Z"},"done":true,"response":{"@type":"type.googleapis.com/google.protobuf.Empty"}}
[info] ✔  functions[getRequestHandler(us-central1)] Successful delete operation. 
[debug] [2023-09-20T17:41:45.092Z] <<< [apiv2][status] GET https://cloudfunctions.googleapis.com/v1/operations/dGluZGVyLWFwcC1hZjMzYi91cy1jZW50cmFsMS9wb3N0UmVxdWVzdEhhbmRsZXIvRWt3dXZyYlpTUzQ 200
[debug] [2023-09-20T17:41:45.093Z] <<< [apiv2][body] GET https://cloudfunctions.googleapis.com/v1/operations/dGluZGVyLWFwcC1hZjMzYi91cy1jZW50cmFsMS9wb3N0UmVxdWVzdEhhbmRsZXIvRWt3dXZyYlpTUzQ {"name":"operations/dGluZGVyLWFwcC1hZjMzYi91cy1jZW50cmFsMS9wb3N0UmVxdWVzdEhhbmRsZXIvRWt3dXZyYlpTUzQ","metadata":{"@type":"type.googleapis.com/google.cloud.functions.v1.OperationMetadataV1","target":"projects/tinder-app-af33b/locations/us-central1/functions/postRequestHandler","type":"DELETE_FUNCTION","request":{"@type":"type.googleapis.com/google.protobuf.Empty"},"updateTime":"2023-09-20T17:41:43Z"},"done":true,"response":{"@type":"type.googleapis.com/google.protobuf.Empty"}}
[info] ✔  functions[postRequestHandler(us-central1)] Successful delete operation. 
[debug] [2023-09-20T17:41:45.321Z] [create-default-us-central1-api] Retrying task index 0
[debug] [2023-09-20T17:41:45.321Z] >>> [apiv2][query] GET https://cloudfunctions.googleapis.com/v1/operations/dGluZGVyLWFwcC1hZjMzYi91cy1jZW50cmFsMS9hcGkvemwxRmlDMmFmT0k [none]
[debug] [2023-09-20T17:41:45.484Z] <<< [apiv2][status] GET https://cloudfunctions.googleapis.com/v1/operations/dGluZGVyLWFwcC1hZjMzYi91cy1jZW50cmFsMS9hcGkvemwxRmlDMmFmT0k 200
[debug] [2023-09-20T17:41:45.484Z] <<< [apiv2][body] GET https://cloudfunctions.googleapis.com/v1/operations/dGluZGVyLWFwcC1hZjMzYi91cy1jZW50cmFsMS9hcGkvemwxRmlDMmFmT0k {"name":"operations/dGluZGVyLWFwcC1hZjMzYi91cy1jZW50cmFsMS9hcGkvemwxRmlDMmFmT0k","metadata":{"@type":"type.googleapis.com/google.cloud.functions.v1.OperationMetadataV1","target":"projects/tinder-app-af33b/locations/us-central1/functions/api","type":"CREATE_FUNCTION","request":{"@type":"type.googleapis.com/google.cloud.functions.v1.CloudFunction","name":"projects/tinder-app-af33b/locations/us-central1/functions/api","httpsTrigger":{"securityLevel":"SECURE_ALWAYS"},"entryPoint":"api","labels":{"deployment-tool":"cli-firebase","firebase-functions-hash":"ab9fc9a01b1d327b9eeb77d43d28c755cfcbb238"},"sourceUploadUrl":"https://storage.googleapis.com/uploads-770746211582.us-central1.cloudfunctions.appspot.com/c7069bca-8657-4f8d-b18e-502d2ac457ab.zip?GoogleAccessId=service-529746460585@gcf-admin-robot.iam.gserviceaccount.com&Expires=1695233495&Signature=e1Bh3qrJUhvbctXJGmVV3WkdfVWaph47U8pJQlnZ7a7AWis787NU%2Fgm91pcJmrp6UCAUpIX5B8dp0%2BbbS5nJp%2BAO9r%2F2NuYSlRpQiLFqW9PyzdHM0xQXlpqgqfpGNXLaQxtAzYTYRDa4PpGcwsVKNHFrEqyalno4KrA70NB1atLF5aa2QMcwXc8G1B9dzKHMmxIxWt%2Bxp%2Brk7%2Bs0Wjts5qxv9a6R%2FbO%2BwZFAFQHNWRHg08EidA8Vgz3f9VWVAnvuKMaq1QHE64W3KeL0TFO0HZiMIQ5TYTPvNZNN%2F2AMSm36iQX5j37kd1jWZiQf1GO1%2FMjwUQUG0EpCsLryn0gRuA%3D%3D","environmentVariables":{"FIREBASE_CONFIG":"{\"projectId\":\"tinder-app-af33b\",\"storageBucket\":\"tinder-app-af33b.appspot.com\",\"locationId\":\"europe-west\"}","GCLOUD_PROJECT":"tinder-app-af33b","EVENTARC_CLOUD_EVENT_SOURCE":"projects/tinder-app-af33b/locations/us-central1/functions/api"},"runtime":"nodejs18","buildEnvironmentVariables":{"GOOGLE_NODE_RUN_SCRIPTS":""},"dockerRegistry":"ARTIFACT_REGISTRY"},"versionId":"1","updateTime":"2023-09-20T17:41:41Z","buildId":"ded11af8-1a5b-45c4-8b7f-c401f3a6f725","buildName":"projects/529746460585/locations/us-central1/builds/ded11af8-1a5b-45c4-8b7f-c401f3a6f725"}}
[debug] [2023-09-20T17:41:49.485Z] [create-default-us-central1-api] Retrying task index 0
[debug] [2023-09-20T17:41:49.485Z] >>> [apiv2][query] GET https://cloudfunctions.googleapis.com/v1/operations/dGluZGVyLWFwcC1hZjMzYi91cy1jZW50cmFsMS9hcGkvemwxRmlDMmFmT0k [none]
[debug] [2023-09-20T17:41:49.647Z] <<< [apiv2][status] GET https://cloudfunctions.googleapis.com/v1/operations/dGluZGVyLWFwcC1hZjMzYi91cy1jZW50cmFsMS9hcGkvemwxRmlDMmFmT0k 200
[debug] [2023-09-20T17:41:49.647Z] <<< [apiv2][body] GET https://cloudfunctions.googleapis.com/v1/operations/dGluZGVyLWFwcC1hZjMzYi91cy1jZW50cmFsMS9hcGkvemwxRmlDMmFmT0k {"name":"operations/dGluZGVyLWFwcC1hZjMzYi91cy1jZW50cmFsMS9hcGkvemwxRmlDMmFmT0k","metadata":{"@type":"type.googleapis.com/google.cloud.functions.v1.OperationMetadataV1","target":"projects/tinder-app-af33b/locations/us-central1/functions/api","type":"CREATE_FUNCTION","request":{"@type":"type.googleapis.com/google.cloud.functions.v1.CloudFunction","name":"projects/tinder-app-af33b/locations/us-central1/functions/api","httpsTrigger":{"securityLevel":"SECURE_ALWAYS"},"entryPoint":"api","labels":{"deployment-tool":"cli-firebase","firebase-functions-hash":"ab9fc9a01b1d327b9eeb77d43d28c755cfcbb238"},"sourceUploadUrl":"https://storage.googleapis.com/uploads-770746211582.us-central1.cloudfunctions.appspot.com/c7069bca-8657-4f8d-b18e-502d2ac457ab.zip?GoogleAccessId=service-529746460585@gcf-admin-robot.iam.gserviceaccount.com&Expires=1695233495&Signature=e1Bh3qrJUhvbctXJGmVV3WkdfVWaph47U8pJQlnZ7a7AWis787NU%2Fgm91pcJmrp6UCAUpIX5B8dp0%2BbbS5nJp%2BAO9r%2F2NuYSlRpQiLFqW9PyzdHM0xQXlpqgqfpGNXLaQxtAzYTYRDa4PpGcwsVKNHFrEqyalno4KrA70NB1atLF5aa2QMcwXc8G1B9dzKHMmxIxWt%2Bxp%2Brk7%2Bs0Wjts5qxv9a6R%2FbO%2BwZFAFQHNWRHg08EidA8Vgz3f9VWVAnvuKMaq1QHE64W3KeL0TFO0HZiMIQ5TYTPvNZNN%2F2AMSm36iQX5j37kd1jWZiQf1GO1%2FMjwUQUG0EpCsLryn0gRuA%3D%3D","environmentVariables":{"FIREBASE_CONFIG":"{\"projectId\":\"tinder-app-af33b\",\"storageBucket\":\"tinder-app-af33b.appspot.com\",\"locationId\":\"europe-west\"}","GCLOUD_PROJECT":"tinder-app-af33b","EVENTARC_CLOUD_EVENT_SOURCE":"projects/tinder-app-af33b/locations/us-central1/functions/api"},"runtime":"nodejs18","buildEnvironmentVariables":{"GOOGLE_NODE_RUN_SCRIPTS":""},"dockerRegistry":"ARTIFACT_REGISTRY"},"versionId":"1","updateTime":"2023-09-20T17:41:41Z","buildId":"ded11af8-1a5b-45c4-8b7f-c401f3a6f725","buildName":"projects/529746460585/locations/us-central1/builds/ded11af8-1a5b-45c4-8b7f-c401f3a6f725"}}
[debug] [2023-09-20T17:41:57.648Z] [create-default-us-central1-api] Retrying task index 0
[debug] [2023-09-20T17:41:57.648Z] >>> [apiv2][query] GET https://cloudfunctions.googleapis.com/v1/operations/dGluZGVyLWFwcC1hZjMzYi91cy1jZW50cmFsMS9hcGkvemwxRmlDMmFmT0k [none]
[debug] [2023-09-20T17:41:57.808Z] <<< [apiv2][status] GET https://cloudfunctions.googleapis.com/v1/operations/dGluZGVyLWFwcC1hZjMzYi91cy1jZW50cmFsMS9hcGkvemwxRmlDMmFmT0k 200
[debug] [2023-09-20T17:41:57.808Z] <<< [apiv2][body] GET https://cloudfunctions.googleapis.com/v1/operations/dGluZGVyLWFwcC1hZjMzYi91cy1jZW50cmFsMS9hcGkvemwxRmlDMmFmT0k {"name":"operations/dGluZGVyLWFwcC1hZjMzYi91cy1jZW50cmFsMS9hcGkvemwxRmlDMmFmT0k","metadata":{"@type":"type.googleapis.com/google.cloud.functions.v1.OperationMetadataV1","target":"projects/tinder-app-af33b/locations/us-central1/functions/api","type":"CREATE_FUNCTION","request":{"@type":"type.googleapis.com/google.cloud.functions.v1.CloudFunction","name":"projects/tinder-app-af33b/locations/us-central1/functions/api","httpsTrigger":{"securityLevel":"SECURE_ALWAYS"},"entryPoint":"api","labels":{"deployment-tool":"cli-firebase","firebase-functions-hash":"ab9fc9a01b1d327b9eeb77d43d28c755cfcbb238"},"sourceUploadUrl":"https://storage.googleapis.com/uploads-770746211582.us-central1.cloudfunctions.appspot.com/c7069bca-8657-4f8d-b18e-502d2ac457ab.zip?GoogleAccessId=service-529746460585@gcf-admin-robot.iam.gserviceaccount.com&Expires=1695233495&Signature=e1Bh3qrJUhvbctXJGmVV3WkdfVWaph47U8pJQlnZ7a7AWis787NU%2Fgm91pcJmrp6UCAUpIX5B8dp0%2BbbS5nJp%2BAO9r%2F2NuYSlRpQiLFqW9PyzdHM0xQXlpqgqfpGNXLaQxtAzYTYRDa4PpGcwsVKNHFrEqyalno4KrA70NB1atLF5aa2QMcwXc8G1B9dzKHMmxIxWt%2Bxp%2Brk7%2Bs0Wjts5qxv9a6R%2FbO%2BwZFAFQHNWRHg08EidA8Vgz3f9VWVAnvuKMaq1QHE64W3KeL0TFO0HZiMIQ5TYTPvNZNN%2F2AMSm36iQX5j37kd1jWZiQf1GO1%2FMjwUQUG0EpCsLryn0gRuA%3D%3D","environmentVariables":{"FIREBASE_CONFIG":"{\"projectId\":\"tinder-app-af33b\",\"storageBucket\":\"tinder-app-af33b.appspot.com\",\"locationId\":\"europe-west\"}","GCLOUD_PROJECT":"tinder-app-af33b","EVENTARC_CLOUD_EVENT_SOURCE":"projects/tinder-app-af33b/locations/us-central1/functions/api"},"runtime":"nodejs18","buildEnvironmentVariables":{"GOOGLE_NODE_RUN_SCRIPTS":""},"dockerRegistry":"ARTIFACT_REGISTRY"},"versionId":"1","updateTime":"2023-09-20T17:41:41Z","buildId":"ded11af8-1a5b-45c4-8b7f-c401f3a6f725","buildName":"projects/529746460585/locations/us-central1/builds/ded11af8-1a5b-45c4-8b7f-c401f3a6f725"}}
[debug] [2023-09-20T17:42:07.809Z] [create-default-us-central1-api] Retrying task index 0
[debug] [2023-09-20T17:42:07.810Z] >>> [apiv2][query] GET https://cloudfunctions.googleapis.com/v1/operations/dGluZGVyLWFwcC1hZjMzYi91cy1jZW50cmFsMS9hcGkvemwxRmlDMmFmT0k [none]
[debug] [2023-09-20T17:42:07.958Z] <<< [apiv2][status] GET https://cloudfunctions.googleapis.com/v1/operations/dGluZGVyLWFwcC1hZjMzYi91cy1jZW50cmFsMS9hcGkvemwxRmlDMmFmT0k 200
[debug] [2023-09-20T17:42:07.958Z] <<< [apiv2][body] GET https://cloudfunctions.googleapis.com/v1/operations/dGluZGVyLWFwcC1hZjMzYi91cy1jZW50cmFsMS9hcGkvemwxRmlDMmFmT0k {"name":"operations/dGluZGVyLWFwcC1hZjMzYi91cy1jZW50cmFsMS9hcGkvemwxRmlDMmFmT0k","metadata":{"@type":"type.googleapis.com/google.cloud.functions.v1.OperationMetadataV1","target":"projects/tinder-app-af33b/locations/us-central1/functions/api","type":"CREATE_FUNCTION","request":{"@type":"type.googleapis.com/google.cloud.functions.v1.CloudFunction","name":"projects/tinder-app-af33b/locations/us-central1/functions/api","httpsTrigger":{"securityLevel":"SECURE_ALWAYS"},"entryPoint":"api","labels":{"deployment-tool":"cli-firebase","firebase-functions-hash":"ab9fc9a01b1d327b9eeb77d43d28c755cfcbb238"},"sourceUploadUrl":"https://storage.googleapis.com/uploads-770746211582.us-central1.cloudfunctions.appspot.com/c7069bca-8657-4f8d-b18e-502d2ac457ab.zip?GoogleAccessId=service-529746460585@gcf-admin-robot.iam.gserviceaccount.com&Expires=1695233495&Signature=e1Bh3qrJUhvbctXJGmVV3WkdfVWaph47U8pJQlnZ7a7AWis787NU%2Fgm91pcJmrp6UCAUpIX5B8dp0%2BbbS5nJp%2BAO9r%2F2NuYSlRpQiLFqW9PyzdHM0xQXlpqgqfpGNXLaQxtAzYTYRDa4PpGcwsVKNHFrEqyalno4KrA70NB1atLF5aa2QMcwXc8G1B9dzKHMmxIxWt%2Bxp%2Brk7%2Bs0Wjts5qxv9a6R%2FbO%2BwZFAFQHNWRHg08EidA8Vgz3f9VWVAnvuKMaq1QHE64W3KeL0TFO0HZiMIQ5TYTPvNZNN%2F2AMSm36iQX5j37kd1jWZiQf1GO1%2FMjwUQUG0EpCsLryn0gRuA%3D%3D","environmentVariables":{"FIREBASE_CONFIG":"{\"projectId\":\"tinder-app-af33b\",\"storageBucket\":\"tinder-app-af33b.appspot.com\",\"locationId\":\"europe-west\"}","GCLOUD_PROJECT":"tinder-app-af33b","EVENTARC_CLOUD_EVENT_SOURCE":"projects/tinder-app-af33b/locations/us-central1/functions/api"},"runtime":"nodejs18","buildEnvironmentVariables":{"GOOGLE_NODE_RUN_SCRIPTS":""},"dockerRegistry":"ARTIFACT_REGISTRY"},"versionId":"1","updateTime":"2023-09-20T17:41:41Z","buildId":"ded11af8-1a5b-45c4-8b7f-c401f3a6f725","buildName":"projects/529746460585/locations/us-central1/builds/ded11af8-1a5b-45c4-8b7f-c401f3a6f725"}}
[debug] [2023-09-20T17:42:17.960Z] [create-default-us-central1-api] Retrying task index 0
[debug] [2023-09-20T17:42:17.960Z] >>> [apiv2][query] GET https://cloudfunctions.googleapis.com/v1/operations/dGluZGVyLWFwcC1hZjMzYi91cy1jZW50cmFsMS9hcGkvemwxRmlDMmFmT0k [none]
[debug] [2023-09-20T17:42:18.099Z] <<< [apiv2][status] GET https://cloudfunctions.googleapis.com/v1/operations/dGluZGVyLWFwcC1hZjMzYi91cy1jZW50cmFsMS9hcGkvemwxRmlDMmFmT0k 200
[debug] [2023-09-20T17:42:18.099Z] <<< [apiv2][body] GET https://cloudfunctions.googleapis.com/v1/operations/dGluZGVyLWFwcC1hZjMzYi91cy1jZW50cmFsMS9hcGkvemwxRmlDMmFmT0k {"name":"operations/dGluZGVyLWFwcC1hZjMzYi91cy1jZW50cmFsMS9hcGkvemwxRmlDMmFmT0k","metadata":{"@type":"type.googleapis.com/google.cloud.functions.v1.OperationMetadataV1","target":"projects/tinder-app-af33b/locations/us-central1/functions/api","type":"CREATE_FUNCTION","request":{"@type":"type.googleapis.com/google.cloud.functions.v1.CloudFunction","name":"projects/tinder-app-af33b/locations/us-central1/functions/api","httpsTrigger":{"securityLevel":"SECURE_ALWAYS"},"entryPoint":"api","labels":{"deployment-tool":"cli-firebase","firebase-functions-hash":"ab9fc9a01b1d327b9eeb77d43d28c755cfcbb238"},"sourceUploadUrl":"https://storage.googleapis.com/uploads-770746211582.us-central1.cloudfunctions.appspot.com/c7069bca-8657-4f8d-b18e-502d2ac457ab.zip?GoogleAccessId=service-529746460585@gcf-admin-robot.iam.gserviceaccount.com&Expires=1695233495&Signature=e1Bh3qrJUhvbctXJGmVV3WkdfVWaph47U8pJQlnZ7a7AWis787NU%2Fgm91pcJmrp6UCAUpIX5B8dp0%2BbbS5nJp%2BAO9r%2F2NuYSlRpQiLFqW9PyzdHM0xQXlpqgqfpGNXLaQxtAzYTYRDa4PpGcwsVKNHFrEqyalno4KrA70NB1atLF5aa2QMcwXc8G1B9dzKHMmxIxWt%2Bxp%2Brk7%2Bs0Wjts5qxv9a6R%2FbO%2BwZFAFQHNWRHg08EidA8Vgz3f9VWVAnvuKMaq1QHE64W3KeL0TFO0HZiMIQ5TYTPvNZNN%2F2AMSm36iQX5j37kd1jWZiQf1GO1%2FMjwUQUG0EpCsLryn0gRuA%3D%3D","environmentVariables":{"FIREBASE_CONFIG":"{\"projectId\":\"tinder-app-af33b\",\"storageBucket\":\"tinder-app-af33b.appspot.com\",\"locationId\":\"europe-west\"}","GCLOUD_PROJECT":"tinder-app-af33b","EVENTARC_CLOUD_EVENT_SOURCE":"projects/tinder-app-af33b/locations/us-central1/functions/api"},"runtime":"nodejs18","buildEnvironmentVariables":{"GOOGLE_NODE_RUN_SCRIPTS":""},"dockerRegistry":"ARTIFACT_REGISTRY"},"versionId":"1","updateTime":"2023-09-20T17:41:41Z","buildId":"ded11af8-1a5b-45c4-8b7f-c401f3a6f725","buildName":"projects/529746460585/locations/us-central1/builds/ded11af8-1a5b-45c4-8b7f-c401f3a6f725"}}
[debug] [2023-09-20T17:42:28.100Z] [create-default-us-central1-api] Retrying task index 0
[debug] [2023-09-20T17:42:28.101Z] >>> [apiv2][query] GET https://cloudfunctions.googleapis.com/v1/operations/dGluZGVyLWFwcC1hZjMzYi91cy1jZW50cmFsMS9hcGkvemwxRmlDMmFmT0k [none]
[debug] [2023-09-20T17:42:28.262Z] <<< [apiv2][status] GET https://cloudfunctions.googleapis.com/v1/operations/dGluZGVyLWFwcC1hZjMzYi91cy1jZW50cmFsMS9hcGkvemwxRmlDMmFmT0k 200
[debug] [2023-09-20T17:42:28.262Z] <<< [apiv2][body] GET https://cloudfunctions.googleapis.com/v1/operations/dGluZGVyLWFwcC1hZjMzYi91cy1jZW50cmFsMS9hcGkvemwxRmlDMmFmT0k {"name":"operations/dGluZGVyLWFwcC1hZjMzYi91cy1jZW50cmFsMS9hcGkvemwxRmlDMmFmT0k","metadata":{"@type":"type.googleapis.com/google.cloud.functions.v1.OperationMetadataV1","target":"projects/tinder-app-af33b/locations/us-central1/functions/api","type":"CREATE_FUNCTION","request":{"@type":"type.googleapis.com/google.cloud.functions.v1.CloudFunction","name":"projects/tinder-app-af33b/locations/us-central1/functions/api","httpsTrigger":{"securityLevel":"SECURE_ALWAYS"},"entryPoint":"api","labels":{"deployment-tool":"cli-firebase","firebase-functions-hash":"ab9fc9a01b1d327b9eeb77d43d28c755cfcbb238"},"sourceUploadUrl":"https://storage.googleapis.com/uploads-770746211582.us-central1.cloudfunctions.appspot.com/c7069bca-8657-4f8d-b18e-502d2ac457ab.zip?GoogleAccessId=service-529746460585@gcf-admin-robot.iam.gserviceaccount.com&Expires=1695233495&Signature=e1Bh3qrJUhvbctXJGmVV3WkdfVWaph47U8pJQlnZ7a7AWis787NU%2Fgm91pcJmrp6UCAUpIX5B8dp0%2BbbS5nJp%2BAO9r%2F2NuYSlRpQiLFqW9PyzdHM0xQXlpqgqfpGNXLaQxtAzYTYRDa4PpGcwsVKNHFrEqyalno4KrA70NB1atLF5aa2QMcwXc8G1B9dzKHMmxIxWt%2Bxp%2Brk7%2Bs0Wjts5qxv9a6R%2FbO%2BwZFAFQHNWRHg08EidA8Vgz3f9VWVAnvuKMaq1QHE64W3KeL0TFO0HZiMIQ5TYTPvNZNN%2F2AMSm36iQX5j37kd1jWZiQf1GO1%2FMjwUQUG0EpCsLryn0gRuA%3D%3D","environmentVariables":{"FIREBASE_CONFIG":"{\"projectId\":\"tinder-app-af33b\",\"storageBucket\":\"tinder-app-af33b.appspot.com\",\"locationId\":\"europe-west\"}","GCLOUD_PROJECT":"tinder-app-af33b","EVENTARC_CLOUD_EVENT_SOURCE":"projects/tinder-app-af33b/locations/us-central1/functions/api"},"runtime":"nodejs18","buildEnvironmentVariables":{"GOOGLE_NODE_RUN_SCRIPTS":""},"dockerRegistry":"ARTIFACT_REGISTRY"},"versionId":"1","updateTime":"2023-09-20T17:41:41Z","buildId":"ded11af8-1a5b-45c4-8b7f-c401f3a6f725","buildName":"projects/529746460585/locations/us-central1/builds/ded11af8-1a5b-45c4-8b7f-c401f3a6f725"}}
[debug] [2023-09-20T17:42:38.264Z] [create-default-us-central1-api] Retrying task index 0
[debug] [2023-09-20T17:42:38.264Z] >>> [apiv2][query] GET https://cloudfunctions.googleapis.com/v1/operations/dGluZGVyLWFwcC1hZjMzYi91cy1jZW50cmFsMS9hcGkvemwxRmlDMmFmT0k [none]
[debug] [2023-09-20T17:42:38.422Z] <<< [apiv2][status] GET https://cloudfunctions.googleapis.com/v1/operations/dGluZGVyLWFwcC1hZjMzYi91cy1jZW50cmFsMS9hcGkvemwxRmlDMmFmT0k 200
[debug] [2023-09-20T17:42:38.422Z] <<< [apiv2][body] GET https://cloudfunctions.googleapis.com/v1/operations/dGluZGVyLWFwcC1hZjMzYi91cy1jZW50cmFsMS9hcGkvemwxRmlDMmFmT0k {"name":"operations/dGluZGVyLWFwcC1hZjMzYi91cy1jZW50cmFsMS9hcGkvemwxRmlDMmFmT0k","metadata":{"@type":"type.googleapis.com/google.cloud.functions.v1.OperationMetadataV1","target":"projects/tinder-app-af33b/locations/us-central1/functions/api","type":"CREATE_FUNCTION","request":{"@type":"type.googleapis.com/google.cloud.functions.v1.CloudFunction","name":"projects/tinder-app-af33b/locations/us-central1/functions/api","httpsTrigger":{"securityLevel":"SECURE_ALWAYS"},"entryPoint":"api","labels":{"deployment-tool":"cli-firebase","firebase-functions-hash":"ab9fc9a01b1d327b9eeb77d43d28c755cfcbb238"},"sourceUploadUrl":"https://storage.googleapis.com/uploads-770746211582.us-central1.cloudfunctions.appspot.com/c7069bca-8657-4f8d-b18e-502d2ac457ab.zip?GoogleAccessId=service-529746460585@gcf-admin-robot.iam.gserviceaccount.com&Expires=1695233495&Signature=e1Bh3qrJUhvbctXJGmVV3WkdfVWaph47U8pJQlnZ7a7AWis787NU%2Fgm91pcJmrp6UCAUpIX5B8dp0%2BbbS5nJp%2BAO9r%2F2NuYSlRpQiLFqW9PyzdHM0xQXlpqgqfpGNXLaQxtAzYTYRDa4PpGcwsVKNHFrEqyalno4KrA70NB1atLF5aa2QMcwXc8G1B9dzKHMmxIxWt%2Bxp%2Brk7%2Bs0Wjts5qxv9a6R%2FbO%2BwZFAFQHNWRHg08EidA8Vgz3f9VWVAnvuKMaq1QHE64W3KeL0TFO0HZiMIQ5TYTPvNZNN%2F2AMSm36iQX5j37kd1jWZiQf1GO1%2FMjwUQUG0EpCsLryn0gRuA%3D%3D","environmentVariables":{"FIREBASE_CONFIG":"{\"projectId\":\"tinder-app-af33b\",\"storageBucket\":\"tinder-app-af33b.appspot.com\",\"locationId\":\"europe-west\"}","GCLOUD_PROJECT":"tinder-app-af33b","EVENTARC_CLOUD_EVENT_SOURCE":"projects/tinder-app-af33b/locations/us-central1/functions/api"},"runtime":"nodejs18","buildEnvironmentVariables":{"GOOGLE_NODE_RUN_SCRIPTS":""},"dockerRegistry":"ARTIFACT_REGISTRY"},"versionId":"1","updateTime":"2023-09-20T17:41:41Z","buildId":"ded11af8-1a5b-45c4-8b7f-c401f3a6f725","sourceToken":"9173aaa6-eb5e-4212-aba1-2e4e025f4658","buildName":"projects/529746460585/locations/us-central1/builds/ded11af8-1a5b-45c4-8b7f-c401f3a6f725"}}
[debug] [2023-09-20T17:42:38.423Z] Got source token 9173aaa6-eb5e-4212-aba1-2e4e025f4658 for region us-central1
